wrote run config: /Users/peterwei/Desktop/wokspace/reciprocator/runs/phase3_2/phase3_2_run321_threshold07_residual_seed0/config.json
step=1 train_loss=4.6023 train_acc=0.0352 train_ppl=99.7091 train_bpc=6.6397 val_loss=4.3659 val_acc=0.0387 val_ppl=78.7224 val_bpc=6.2987
step=50 train_loss=3.1517 train_acc=0.1523 train_ppl=23.3762 train_bpc=4.5470 val_loss=3.1644 val_acc=0.1600 val_ppl=23.6746 val_bpc=4.5653
step=100 train_loss=2.7853 train_acc=0.3086 train_ppl=16.2051 train_bpc=4.0184 val_loss=2.8206 val_acc=0.2635 val_ppl=16.7861 val_bpc=4.0692
step=150 train_loss=2.6586 train_acc=0.2852 train_ppl=14.2757 train_bpc=3.8355 val_loss=2.6219 val_acc=0.2961 val_ppl=13.7619 val_bpc=3.7826
step=200 train_loss=2.5812 train_acc=0.3086 train_ppl=13.2132 train_bpc=3.7239 val_loss=2.5166 val_acc=0.3278 val_ppl=12.3860 val_bpc=3.6306
step=250 train_loss=2.4020 train_acc=0.3359 train_ppl=11.0448 train_bpc=3.4653 val_loss=2.4393 val_acc=0.3314 val_ppl=11.4645 val_bpc=3.5191
step=300 train_loss=2.3988 train_acc=0.3516 train_ppl=11.0095 train_bpc=3.4607 val_loss=2.4290 val_acc=0.3293 val_ppl=11.3476 val_bpc=3.5043
state_shape_event step=350 previous_state_shape=(2, 3, 4) state_shape=(3, 3, 4)
step=350 train_loss=2.7057 train_acc=0.2617 train_ppl=14.9651 train_bpc=3.9035 val_loss=2.5532 val_acc=0.3030 val_ppl=12.8482 val_bpc=3.6835
state_shape_event step=400 previous_state_shape=(3, 3, 4) state_shape=(3, 4, 4)
step=400 train_loss=2.4048 train_acc=0.3203 train_ppl=11.0764 train_bpc=3.4694 val_loss=2.5175 val_acc=0.3093 val_ppl=12.3981 val_bpc=3.6320
state_shape_event step=450 previous_state_shape=(3, 4, 4) state_shape=(4, 4, 4)
step=450 train_loss=2.3357 train_acc=0.3301 train_ppl=10.3370 train_bpc=3.3697 val_loss=2.4601 val_acc=0.3037 val_ppl=11.7065 val_bpc=3.5492
state_shape_event step=500 previous_state_shape=(4, 4, 4) state_shape=(4, 4, 5)
step=500 train_loss=2.3855 train_acc=0.3086 train_ppl=10.8649 train_bpc=3.4416 val_loss=2.4270 val_acc=0.3158 val_ppl=11.3253 val_bpc=3.5015
step=550 train_loss=2.2281 train_acc=0.3477 train_ppl=9.2823 train_bpc=3.2145 val_loss=2.2990 val_acc=0.3597 val_ppl=9.9638 val_bpc=3.3167
step=600 train_loss=2.2669 train_acc=0.3535 train_ppl=9.6497 train_bpc=3.2705 val_loss=2.2903 val_acc=0.3539 val_ppl=9.8777 val_bpc=3.3042
step=650 train_loss=2.1079 train_acc=0.4004 train_ppl=8.2311 train_bpc=3.0411 val_loss=2.2750 val_acc=0.3641 val_ppl=9.7277 val_bpc=3.2821
step=700 train_loss=2.3111 train_acc=0.3203 train_ppl=10.0857 train_bpc=3.3342 val_loss=2.2270 val_acc=0.3719 val_ppl=9.2720 val_bpc=3.2129
step=750 train_loss=2.2733 train_acc=0.3457 train_ppl=9.7110 train_bpc=3.2796 val_loss=2.2437 val_acc=0.3696 val_ppl=9.4285 val_bpc=3.2370
step=800 train_loss=2.2138 train_acc=0.3867 train_ppl=9.1505 train_bpc=3.1939 val_loss=2.2291 val_acc=0.3676 val_ppl=9.2917 val_bpc=3.2159
step=850 train_loss=2.0889 train_acc=0.3965 train_ppl=8.0763 train_bpc=3.0137 val_loss=2.1922 val_acc=0.3755 val_ppl=8.9552 val_bpc=3.1627
step=900 train_loss=2.0034 train_acc=0.4434 train_ppl=7.4143 train_bpc=2.8903 val_loss=2.1670 val_acc=0.3887 val_ppl=8.7318 val_bpc=3.1263
step=950 train_loss=2.1640 train_acc=0.3750 train_ppl=8.7057 train_bpc=3.1220 val_loss=2.1420 val_acc=0.3838 val_ppl=8.5166 val_bpc=3.0903
step=1000 train_loss=2.2017 train_acc=0.3965 train_ppl=9.0406 train_bpc=3.1764 val_loss=2.1575 val_acc=0.3927 val_ppl=8.6496 val_bpc=3.1126
training finished (device=cpu, corpus=plato_jowett, vocab=96, train_tokens=90000, val_tokens=10000, state_shape=(4, 4, 5))
final train(step=1000) loss=2.2017 acc=0.3965 ppl=9.0406 bpc=3.1764 last eval(step=1000) val_loss=2.1575 val_acc=0.3927 val_ppl=8.6496 val_bpc=3.1126
saved checkpoint: /Users/peterwei/Desktop/wokspace/reciprocator/runs/phase3_2/phase3_2_run321_threshold07_residual_seed0/checkpoint_step_001000.pt
wrote residual diagnostics: /Users/peterwei/Desktop/wokspace/reciprocator/runs/phase3_2/phase3_2_run321_threshold07_residual_seed0/residual_diagnostics.json
