wrote run config: /Users/peterwei/Desktop/wokspace/reciprocator/runs/lab-book/phase3_2/phase3_2_run323_threshold14_residual_seed0/config.json
step=1 train_loss=4.6023 train_acc=0.0352 train_ppl=99.7091 train_bpc=6.6397 val_loss=4.3659 val_acc=0.0387 val_ppl=78.7224 val_bpc=6.2987
step=50 train_loss=3.1517 train_acc=0.1523 train_ppl=23.3762 train_bpc=4.5470 val_loss=3.1644 val_acc=0.1600 val_ppl=23.6746 val_bpc=4.5653
step=100 train_loss=2.7853 train_acc=0.3086 train_ppl=16.2051 train_bpc=4.0184 val_loss=2.8206 val_acc=0.2635 val_ppl=16.7861 val_bpc=4.0692
step=150 train_loss=2.6586 train_acc=0.2852 train_ppl=14.2757 train_bpc=3.8355 val_loss=2.6219 val_acc=0.2961 val_ppl=13.7619 val_bpc=3.7826
step=200 train_loss=2.5812 train_acc=0.3086 train_ppl=13.2132 train_bpc=3.7239 val_loss=2.5166 val_acc=0.3278 val_ppl=12.3860 val_bpc=3.6306
step=250 train_loss=2.4020 train_acc=0.3359 train_ppl=11.0448 train_bpc=3.4653 val_loss=2.4393 val_acc=0.3314 val_ppl=11.4645 val_bpc=3.5191
step=300 train_loss=2.3988 train_acc=0.3516 train_ppl=11.0095 train_bpc=3.4607 val_loss=2.4290 val_acc=0.3293 val_ppl=11.3476 val_bpc=3.5043
step=350 train_loss=2.3616 train_acc=0.3477 train_ppl=10.6079 train_bpc=3.4071 val_loss=2.3623 val_acc=0.3477 val_ppl=10.6156 val_bpc=3.4081
step=400 train_loss=2.8138 train_acc=0.2734 train_ppl=16.6739 train_bpc=4.0595 val_loss=2.3509 val_acc=0.3522 val_ppl=10.4946 val_bpc=3.3916
step=450 train_loss=2.4768 train_acc=0.3027 train_ppl=11.9028 train_bpc=3.5732 val_loss=2.2871 val_acc=0.3572 val_ppl=9.8465 val_bpc=3.2996
step=500 train_loss=2.3864 train_acc=0.3262 train_ppl=10.8739 train_bpc=3.4428 val_loss=2.2482 val_acc=0.3732 val_ppl=9.4705 val_bpc=3.2434
step=550 train_loss=2.1592 train_acc=0.3906 train_ppl=8.6638 train_bpc=3.1150 val_loss=2.2689 val_acc=0.3654 val_ppl=9.6687 val_bpc=3.2733
step=600 train_loss=2.1944 train_acc=0.4023 train_ppl=8.9749 train_bpc=3.1659 val_loss=2.2274 val_acc=0.3751 val_ppl=9.2756 val_bpc=3.2134
step=650 train_loss=2.2681 train_acc=0.4043 train_ppl=9.6612 train_bpc=3.2722 val_loss=2.2489 val_acc=0.3652 val_ppl=9.4775 val_bpc=3.2445
step=700 train_loss=2.2218 train_acc=0.3691 train_ppl=9.2241 train_bpc=3.2054 val_loss=2.1980 val_acc=0.3795 val_ppl=9.0073 val_bpc=3.1711
step=750 train_loss=2.1956 train_acc=0.3828 train_ppl=8.9856 train_bpc=3.1676 val_loss=2.1847 val_acc=0.3795 val_ppl=8.8881 val_bpc=3.1519
step=800 train_loss=2.0284 train_acc=0.4531 train_ppl=7.6019 train_bpc=2.9264 val_loss=2.1651 val_acc=0.3890 val_ppl=8.7155 val_bpc=3.1236
step=850 train_loss=1.9326 train_acc=0.4551 train_ppl=6.9076 train_bpc=2.7882 val_loss=2.1767 val_acc=0.3805 val_ppl=8.8167 val_bpc=3.1402
step=900 train_loss=2.1947 train_acc=0.3535 train_ppl=8.9776 train_bpc=3.1663 val_loss=2.1415 val_acc=0.3977 val_ppl=8.5123 val_bpc=3.0895
step=950 train_loss=2.0551 train_acc=0.4492 train_ppl=7.8079 train_bpc=2.9649 val_loss=2.1881 val_acc=0.3849 val_ppl=8.9184 val_bpc=3.1568
step=1000 train_loss=1.9474 train_acc=0.4395 train_ppl=7.0107 train_bpc=2.8096 val_loss=2.1180 val_acc=0.3989 val_ppl=8.3141 val_bpc=3.0556
training finished (device=cpu, corpus=plato_jowett, vocab=96, train_tokens=90000, val_tokens=10000, state_shape=(2, 3, 4))
final train(step=1000) loss=1.9474 acc=0.4395 ppl=7.0107 bpc=2.8096 last eval(step=1000) val_loss=2.1180 val_acc=0.3989 val_ppl=8.3141 val_bpc=3.0556
saved checkpoint: /Users/peterwei/Desktop/wokspace/reciprocator/runs/lab-book/phase3_2/phase3_2_run323_threshold14_residual_seed0/checkpoint_step_001000.pt
wrote residual diagnostics: /Users/peterwei/Desktop/wokspace/reciprocator/runs/lab-book/phase3_2/phase3_2_run323_threshold14_residual_seed0/residual_diagnostics.json
