wrote run config: /Users/peterwei/Desktop/wokspace/reciprocator/runs/lab-book/phase3_2/phase3_2_run323_threshold14_residual_seed1/config.json
step=1 train_loss=4.7028 train_acc=0.0000 train_ppl=110.2606 train_bpc=6.7848 val_loss=4.4828 val_acc=0.0002 val_ppl=88.4781 val_bpc=6.4672
step=50 train_loss=3.1858 train_acc=0.1660 train_ppl=24.1861 train_bpc=4.5961 val_loss=3.2124 val_acc=0.1609 val_ppl=24.8388 val_bpc=4.6345
step=100 train_loss=2.7819 train_acc=0.2500 train_ppl=16.1498 train_bpc=4.0134 val_loss=2.8722 val_acc=0.2543 val_ppl=17.6752 val_bpc=4.1437
step=150 train_loss=2.6603 train_acc=0.2910 train_ppl=14.3000 train_bpc=3.8379 val_loss=2.6199 val_acc=0.3127 val_ppl=13.7349 val_bpc=3.7798
step=200 train_loss=2.5987 train_acc=0.3145 train_ppl=13.4464 train_bpc=3.7491 val_loss=2.5467 val_acc=0.3143 val_ppl=12.7643 val_bpc=3.6740
step=250 train_loss=2.5117 train_acc=0.3242 train_ppl=12.3257 train_bpc=3.6236 val_loss=2.4694 val_acc=0.3264 val_ppl=11.8148 val_bpc=3.5625
step=300 train_loss=2.3867 train_acc=0.3203 train_ppl=10.8774 train_bpc=3.4433 val_loss=2.4500 val_acc=0.3328 val_ppl=11.5879 val_bpc=3.5345
step=350 train_loss=2.2781 train_acc=0.3516 train_ppl=9.7583 train_bpc=3.2866 val_loss=2.3568 val_acc=0.3527 val_ppl=10.5568 val_bpc=3.4001
step=400 train_loss=2.3488 train_acc=0.3633 train_ppl=10.4730 train_bpc=3.3886 val_loss=2.3212 val_acc=0.3525 val_ppl=10.1877 val_bpc=3.3488
step=450 train_loss=2.3127 train_acc=0.3633 train_ppl=10.1013 train_bpc=3.3365 val_loss=2.3203 val_acc=0.3486 val_ppl=10.1788 val_bpc=3.3475
step=500 train_loss=2.2226 train_acc=0.3613 train_ppl=9.2312 train_bpc=3.2065 val_loss=2.2910 val_acc=0.3549 val_ppl=9.8851 val_bpc=3.3053
step=550 train_loss=2.1370 train_acc=0.3848 train_ppl=8.4741 train_bpc=3.0831 val_loss=2.2569 val_acc=0.3658 val_ppl=9.5536 val_bpc=3.2560
step=600 train_loss=2.2276 train_acc=0.3535 train_ppl=9.2776 train_bpc=3.2138 val_loss=2.2380 val_acc=0.3732 val_ppl=9.3741 val_bpc=3.2287
step=650 train_loss=2.0904 train_acc=0.3887 train_ppl=8.0880 train_bpc=3.0158 val_loss=2.2208 val_acc=0.3794 val_ppl=9.2145 val_bpc=3.2039
step=700 train_loss=2.0644 train_acc=0.4141 train_ppl=7.8805 train_bpc=2.9783 val_loss=2.1991 val_acc=0.3832 val_ppl=9.0168 val_bpc=3.1726
step=750 train_loss=2.2158 train_acc=0.3984 train_ppl=9.1688 train_bpc=3.1967 val_loss=2.1843 val_acc=0.3840 val_ppl=8.8841 val_bpc=3.1512
step=800 train_loss=2.1324 train_acc=0.4062 train_ppl=8.4350 train_bpc=3.0764 val_loss=2.2009 val_acc=0.3816 val_ppl=9.0329 val_bpc=3.1752
step=850 train_loss=2.0614 train_acc=0.4199 train_ppl=7.8568 train_bpc=2.9739 val_loss=2.1980 val_acc=0.3744 val_ppl=9.0070 val_bpc=3.1711
step=900 train_loss=2.0797 train_acc=0.4277 train_ppl=8.0019 train_bpc=3.0003 val_loss=2.1697 val_acc=0.3903 val_ppl=8.7558 val_bpc=3.1302
step=950 train_loss=2.1085 train_acc=0.4141 train_ppl=8.2357 train_bpc=3.0419 val_loss=2.1499 val_acc=0.3928 val_ppl=8.5841 val_bpc=3.1017
step=1000 train_loss=1.9235 train_acc=0.4277 train_ppl=6.8449 train_bpc=2.7750 val_loss=2.1297 val_acc=0.3938 val_ppl=8.4126 val_bpc=3.0725
training finished (device=cpu, corpus=plato_jowett, vocab=96, train_tokens=90000, val_tokens=10000, state_shape=(2, 3, 4))
final train(step=1000) loss=1.9235 acc=0.4277 ppl=6.8449 bpc=2.7750 last eval(step=1000) val_loss=2.1297 val_acc=0.3938 val_ppl=8.4126 val_bpc=3.0725
saved checkpoint: /Users/peterwei/Desktop/wokspace/reciprocator/runs/lab-book/phase3_2/phase3_2_run323_threshold14_residual_seed1/checkpoint_step_001000.pt
wrote residual diagnostics: /Users/peterwei/Desktop/wokspace/reciprocator/runs/lab-book/phase3_2/phase3_2_run323_threshold14_residual_seed1/residual_diagnostics.json
