wrote run config: /Users/peterwei/Desktop/wokspace/reciprocator/runs/lab-book/phase3_4_hi/phase3_4f_run_prune_thresh20_loose_seed1/config.json
step=1 lr=0.001 train_loss=4.7028 train_acc=0.0000 train_ppl=110.2606 train_bpc=6.7848 val_loss=4.4828 val_acc=0.0002 val_ppl=88.4781 val_bpc=6.4672
step=50 lr=0.001 train_loss=3.1858 train_acc=0.1660 train_ppl=24.1861 train_bpc=4.5961 val_loss=3.2124 val_acc=0.1609 val_ppl=24.8388 val_bpc=4.6345
step=100 lr=0.001 train_loss=2.7819 train_acc=0.2500 train_ppl=16.1498 train_bpc=4.0134 val_loss=2.8722 val_acc=0.2543 val_ppl=17.6752 val_bpc=4.1437
step=150 lr=0.001 train_loss=2.6603 train_acc=0.2910 train_ppl=14.3000 train_bpc=3.8379 val_loss=2.6199 val_acc=0.3127 val_ppl=13.7349 val_bpc=3.7798
step=200 lr=0.001 train_loss=2.5987 train_acc=0.3145 train_ppl=13.4464 train_bpc=3.7491 val_loss=2.5467 val_acc=0.3143 val_ppl=12.7643 val_bpc=3.6740
step=250 lr=0.001 train_loss=2.5117 train_acc=0.3242 train_ppl=12.3257 train_bpc=3.6236 val_loss=2.4694 val_acc=0.3264 val_ppl=11.8148 val_bpc=3.5625
step=300 lr=0.001 train_loss=2.3867 train_acc=0.3203 train_ppl=10.8774 train_bpc=3.4433 val_loss=2.4500 val_acc=0.3328 val_ppl=11.5879 val_bpc=3.5345
state_shape_event step=350 previous_state_shape=(2, 3, 4) state_shape=(3, 3, 4)
step=350 lr=0.001 train_loss=2.2859 train_acc=0.3516 train_ppl=9.8347 train_bpc=3.2979 val_loss=2.3815 val_acc=0.3414 val_ppl=10.8211 val_bpc=3.4358
step=400 lr=0.001 train_loss=2.2012 train_acc=0.4004 train_ppl=9.0362 train_bpc=3.1757 val_loss=2.3255 val_acc=0.3525 val_ppl=10.2318 val_bpc=3.3550
step=450 lr=0.001 train_loss=2.2262 train_acc=0.3926 train_ppl=9.2647 train_bpc=3.2117 val_loss=2.3101 val_acc=0.3535 val_ppl=10.0752 val_bpc=3.3327
step=500 lr=0.001 train_loss=2.3215 train_acc=0.3594 train_ppl=10.1906 train_bpc=3.3492 val_loss=2.3185 val_acc=0.3511 val_ppl=10.1607 val_bpc=3.3449
step=550 lr=0.001 train_loss=2.3014 train_acc=0.3555 train_ppl=9.9883 train_bpc=3.3202 val_loss=2.2526 val_acc=0.3701 val_ppl=9.5123 val_bpc=3.2498
step=600 lr=0.001 train_loss=2.1822 train_acc=0.3594 train_ppl=8.8659 train_bpc=3.1483 val_loss=2.2440 val_acc=0.3628 val_ppl=9.4306 val_bpc=3.2373
step=650 lr=0.001 train_loss=2.1524 train_acc=0.4180 train_ppl=8.6057 train_bpc=3.1053 val_loss=2.2170 val_acc=0.3754 val_ppl=9.1799 val_bpc=3.1985
step=700 lr=0.001 train_loss=2.2123 train_acc=0.3750 train_ppl=9.1370 train_bpc=3.1917 val_loss=2.2254 val_acc=0.3729 val_ppl=9.2575 val_bpc=3.2106
state_shape_event step=750 previous_state_shape=(3, 3, 4) state_shape=(3, 4)
step=750 lr=0.001 train_loss=2.8310 train_acc=0.2891 train_ppl=16.9620 train_bpc=4.0842 val_loss=2.6985 val_acc=0.2743 val_ppl=14.8568 val_bpc=3.8931
step=800 lr=0.001 train_loss=2.2874 train_acc=0.3398 train_ppl=9.8489 train_bpc=3.3000 val_loss=2.3540 val_acc=0.3375 val_ppl=10.5274 val_bpc=3.3961
step=850 lr=0.001 train_loss=2.2135 train_acc=0.3574 train_ppl=9.1477 train_bpc=3.1934 val_loss=2.2626 val_acc=0.3593 val_ppl=9.6079 val_bpc=3.2642
step=900 lr=0.001 train_loss=2.1964 train_acc=0.3711 train_ppl=8.9927 train_bpc=3.1688 val_loss=2.2642 val_acc=0.3694 val_ppl=9.6235 val_bpc=3.2666
step=950 lr=0.001 train_loss=2.2217 train_acc=0.3574 train_ppl=9.2234 train_bpc=3.2053 val_loss=2.2082 val_acc=0.3784 val_ppl=9.0989 val_bpc=3.1857
step=1000 lr=0.001 train_loss=2.1191 train_acc=0.4238 train_ppl=8.3233 train_bpc=3.0572 val_loss=2.2238 val_acc=0.3751 val_ppl=9.2428 val_bpc=3.2083
training finished (device=cpu, corpus=plato_jowett, vocab=96, train_tokens=90000, val_tokens=10000, state_shape=(3, 4))
final train(step=1000) loss=2.1191 acc=0.4238 ppl=8.3233 bpc=3.0572 last eval(step=1000) val_loss=2.2238 val_acc=0.3751 val_ppl=9.2428 val_bpc=3.2083
saved checkpoint: /Users/peterwei/Desktop/wokspace/reciprocator/runs/lab-book/phase3_4_hi/phase3_4f_run_prune_thresh20_loose_seed1/checkpoint_step_001000.pt
wrote residual diagnostics: /Users/peterwei/Desktop/wokspace/reciprocator/runs/lab-book/phase3_4_hi/phase3_4f_run_prune_thresh20_loose_seed1/residual_diagnostics.json
