usage: train.py [-h] [--corpus {greek_philosophy_classics}]
                [--max-chars MAX_CHARS] [--val-fraction VAL_FRACTION]
                [--batch-size BATCH_SIZE] [--seq-len SEQ_LEN] [--steps STEPS]
                [--eval-every EVAL_EVERY] [--eval-batches EVAL_BATCHES]
                [--lr LR] [--lr-warmup-steps LR_WARMUP_STEPS]
                [--lr-decay-style {constant,linear,cosine}]
                [--min-lr-scale MIN_LR_SCALE]
                [--grad-clip-norm GRAD_CLIP_NORM]
                [--weight-decay WEIGHT_DECAY] [--hidden-size HIDDEN_SIZE]
                [--state-shape STATE_SHAPE]
                [--max-state-shape MAX_STATE_SHAPE] [--num-layers NUM_LAYERS]
                [--ffn-expansion-factor FFN_EXPANSION_FACTOR]
                [--readout-type {magnitude,phase_aware}]
                [--token-magnitude-type {learned,inverse_frequency,inverse_frequency_learned}]
                [--phase-type {rope,locked_wave,local_wave}]
                [--token-phase {none,semantic,virtual_offset,semantic_virtual_offset}]
                [--normalization-type NORMALIZATION_TYPE]
                [--enable-self-relation] [--dynamic-spectral-gains]
                [--anisotropic-spectral-gains] [--enable-anticipator-relation]
                [--enable-cross-layer-state] [--coupling-type COUPLING_TYPE]
                [--low-frequency-gain LOW_FREQUENCY_GAIN]
                [--low-frequency-sigma LOW_FREQUENCY_SIGMA]
                [--high-frequency-gain HIGH_FREQUENCY_GAIN]
                [--high-frequency-cutoff HIGH_FREQUENCY_CUTOFF]
                [--wavelet-levels WAVELET_LEVELS] [--chunk-size CHUNK_SIZE]
                [--track-chunk-drift] [--device DEVICE]
                [--no-tensor-dynamic-growth] [--dynamic-mode-growth]
                [--dynamic-rank-growth] [--dynamic-mode-pruning]
                [--dynamic-rank-pruning] [--max-rank MAX_RANK]
                [--growth-check-interval GROWTH_CHECK_INTERVAL]
                [--growth-residual-threshold GROWTH_RESIDUAL_THRESHOLD]
                [--residual-saturate-threshold RESIDUAL_SATURATE_THRESHOLD]
                [--growth-residual-ema-decay GROWTH_RESIDUAL_EMA_DECAY]
                [--record-residual-diagnostics]
                [--diagnostics-out DIAGNOSTICS_OUT]
                [--min-checks-before-first-growth MIN_CHECKS_BEFORE_FIRST_GROWTH]
                [--rank-growth-loss-ceiling RANK_GROWTH_LOSS_CEILING]
                [--prune-threshold PRUNE_THRESHOLD]
                [--prune-sustain-steps PRUNE_SUSTAIN_STEPS]
                [--prune-min-steps PRUNE_MIN_STEPS] [--mode-init MODE_INIT]
                [--rank-init RANK_INIT]
                [--generation-eval-samples GENERATION_EVAL_SAMPLES]
                [--generation-prompt-len GENERATION_PROMPT_LEN]
                [--generation-new-tokens GENERATION_NEW_TOKENS]
                [--generation-temperature GENERATION_TEMPERATURE]
                [--generation-top-k GENERATION_TOP_K]
                [--benchmark-prompt-lengths BENCHMARK_PROMPT_LENGTHS]
                [--benchmark-new-tokens BENCHMARK_NEW_TOKENS] [--seed SEED]
                [--run-name RUN_NAME] [--checkpoint-dir CHECKPOINT_DIR]
                [--checkpoint-every CHECKPOINT_EVERY]
                [--checkpoint-out CHECKPOINT_OUT]
train.py: error: argument --corpus: invalid choice: 'plato_jowett' (choose from 'greek_philosophy_classics')
