wrote run config: /Users/peterwei/Desktop/wokspace/reciprocator/runs/lab-book/phase2d_dynamic_backend_20260423/phase2d_run2d3_dwt_seed0/config.json
step=1 lr=0.001 train_loss=4.6403 train_acc=0.0059 train_ppl=103.5803 train_bpc=6.6946 val_loss=4.7222 val_acc=0.0273 val_ppl=112.4167 val_bpc=6.8127
step=50 lr=0.001 train_loss=3.2244 train_acc=0.2070 train_ppl=25.1386 train_bpc=4.6518 val_loss=3.2170 val_acc=0.1782 val_ppl=24.9532 val_bpc=4.6412
step=100 lr=0.001 train_loss=2.9334 train_acc=0.2539 train_ppl=18.7916 train_bpc=4.2320 val_loss=2.8679 val_acc=0.2520 val_ppl=17.5996 val_bpc=4.1375
step=150 lr=0.001 train_loss=2.6567 train_acc=0.2969 train_ppl=14.2497 train_bpc=3.8329 val_loss=2.6359 val_acc=0.3218 val_ppl=13.9559 val_bpc=3.8028
step=200 lr=0.001 train_loss=2.5003 train_acc=0.2949 train_ppl=12.1858 train_bpc=3.6071 val_loss=2.5374 val_acc=0.3213 val_ppl=12.6471 val_bpc=3.6607
step=250 lr=0.001 train_loss=2.4854 train_acc=0.3164 train_ppl=12.0060 train_bpc=3.5857 val_loss=2.5146 val_acc=0.3115 val_ppl=12.3617 val_bpc=3.6278
step=300 lr=0.001 train_loss=2.3811 train_acc=0.3340 train_ppl=10.8172 train_bpc=3.4353 val_loss=2.3512 val_acc=0.3477 val_ppl=10.4980 val_bpc=3.3920
state_shape_event step=350 previous_state_shape=(4, 8, 8, 8) state_shape=(5, 8, 8, 8)
step=350 lr=0.001 train_loss=2.2510 train_acc=0.3496 train_ppl=9.4972 train_bpc=3.2475 val_loss=2.4855 val_acc=0.3169 val_ppl=12.0069 val_bpc=3.5858
state_shape_event step=400 previous_state_shape=(5, 8, 8, 8) state_shape=(5, 8, 8, 8, 2)
step=400 lr=0.001 train_loss=2.4220 train_acc=0.3477 train_ppl=11.2688 train_bpc=3.4943 val_loss=2.9586 val_acc=0.1724 val_ppl=19.2708 val_bpc=4.2683
step=450 lr=0.001 train_loss=2.2933 train_acc=0.3594 train_ppl=9.9075 train_bpc=3.3085 val_loss=2.3205 val_acc=0.3740 val_ppl=10.1807 val_bpc=3.3478
step=500 lr=0.001 train_loss=2.1404 train_acc=0.4219 train_ppl=8.5025 train_bpc=3.0879 val_loss=2.2929 val_acc=0.3555 val_ppl=9.9038 val_bpc=3.3080
step=550 lr=0.001 train_loss=2.2430 train_acc=0.3848 train_ppl=9.4214 train_bpc=3.2359 val_loss=2.2760 val_acc=0.3696 val_ppl=9.7375 val_bpc=3.2835
step=600 lr=0.001 train_loss=2.1772 train_acc=0.3789 train_ppl=8.8214 train_bpc=3.1410 val_loss=2.2241 val_acc=0.3726 val_ppl=9.2451 val_bpc=3.2087
step=650 lr=0.001 train_loss=2.3135 train_acc=0.3379 train_ppl=10.1099 train_bpc=3.3377 val_loss=2.2151 val_acc=0.3813 val_ppl=9.1628 val_bpc=3.1958
step=700 lr=0.001 train_loss=2.2110 train_acc=0.3730 train_ppl=9.1251 train_bpc=3.1898 val_loss=2.2529 val_acc=0.3501 val_ppl=9.5157 val_bpc=3.2503
step=750 lr=0.001 train_loss=2.0716 train_acc=0.4238 train_ppl=7.9372 train_bpc=2.9886 val_loss=2.1600 val_acc=0.3833 val_ppl=8.6709 val_bpc=3.1162
step=800 lr=0.001 train_loss=2.0799 train_acc=0.4023 train_ppl=8.0038 train_bpc=3.0007 val_loss=2.2623 val_acc=0.3730 val_ppl=9.6055 val_bpc=3.2639
step=850 lr=0.001 train_loss=2.1656 train_acc=0.4238 train_ppl=8.7196 train_bpc=3.1243 val_loss=2.1764 val_acc=0.3848 val_ppl=8.8145 val_bpc=3.1399
step=900 lr=0.001 train_loss=2.1687 train_acc=0.4121 train_ppl=8.7470 train_bpc=3.1288 val_loss=2.2117 val_acc=0.3691 val_ppl=9.1310 val_bpc=3.1908
step=950 lr=0.001 train_loss=2.1595 train_acc=0.3926 train_ppl=8.6670 train_bpc=3.1155 val_loss=2.1771 val_acc=0.3926 val_ppl=8.8203 val_bpc=3.1408
step=1000 lr=0.001 train_loss=2.0673 train_acc=0.4336 train_ppl=7.9038 train_bpc=2.9825 val_loss=2.2204 val_acc=0.3682 val_ppl=9.2106 val_bpc=3.2033
training finished (device=cpu, corpus=plato_jowett, vocab=96, train_tokens=90000, val_tokens=10000, state_shape=(5, 8, 8, 8, 2))
final train(step=1000) loss=2.0673 acc=0.4336 ppl=7.9038 bpc=2.9825 last eval(step=1000) val_loss=2.2204 val_acc=0.3682 val_ppl=9.2106 val_bpc=3.2033
saved checkpoint: /Users/peterwei/Desktop/wokspace/reciprocator/runs/lab-book/phase2d_dynamic_backend_20260423/phase2d_run2d3_dwt_seed0/checkpoint_step_001000.pt
wrote residual diagnostics: /Users/peterwei/Desktop/wokspace/reciprocator/runs/lab-book/phase2d_dynamic_backend_20260423/phase2d_run2d3_dwt_seed0/residual_diagnostics.json
