wrote run config: /Users/peterwei/Desktop/wokspace/reciprocator/runs/phase3_2e/phase3_2e_run_threshold10_residual_seed0/config.json
step=1 train_loss=4.6023 train_acc=0.0352 train_ppl=99.7091 train_bpc=6.6397 val_loss=4.3659 val_acc=0.0387 val_ppl=78.7224 val_bpc=6.2987
step=50 train_loss=3.1517 train_acc=0.1523 train_ppl=23.3762 train_bpc=4.5470 val_loss=3.1644 val_acc=0.1600 val_ppl=23.6746 val_bpc=4.5653
step=100 train_loss=2.7853 train_acc=0.3086 train_ppl=16.2051 train_bpc=4.0184 val_loss=2.8206 val_acc=0.2635 val_ppl=16.7861 val_bpc=4.0692
step=150 train_loss=2.6586 train_acc=0.2852 train_ppl=14.2757 train_bpc=3.8355 val_loss=2.6219 val_acc=0.2961 val_ppl=13.7619 val_bpc=3.7826
step=200 train_loss=2.5812 train_acc=0.3086 train_ppl=13.2132 train_bpc=3.7239 val_loss=2.5166 val_acc=0.3278 val_ppl=12.3860 val_bpc=3.6306
step=250 train_loss=2.4020 train_acc=0.3359 train_ppl=11.0448 train_bpc=3.4653 val_loss=2.4393 val_acc=0.3314 val_ppl=11.4645 val_bpc=3.5191
step=300 train_loss=2.3988 train_acc=0.3516 train_ppl=11.0095 train_bpc=3.4607 val_loss=2.4290 val_acc=0.3293 val_ppl=11.3476 val_bpc=3.5043
state_shape_event step=350 previous_state_shape=(2, 3, 4) state_shape=(3, 3, 4)
step=350 train_loss=2.7057 train_acc=0.2617 train_ppl=14.9651 train_bpc=3.9035 val_loss=2.5532 val_acc=0.3030 val_ppl=12.8482 val_bpc=3.6835
step=400 train_loss=2.3077 train_acc=0.3438 train_ppl=10.0511 train_bpc=3.3293 val_loss=2.3592 val_acc=0.3521 val_ppl=10.5825 val_bpc=3.4036
step=450 train_loss=2.3808 train_acc=0.3672 train_ppl=10.8137 train_bpc=3.4348 val_loss=2.3296 val_acc=0.3483 val_ppl=10.2734 val_bpc=3.3608
step=500 train_loss=2.2808 train_acc=0.3320 train_ppl=9.7844 train_bpc=3.2905 val_loss=2.2886 val_acc=0.3549 val_ppl=9.8616 val_bpc=3.3018
step=550 train_loss=2.1893 train_acc=0.3633 train_ppl=8.9289 train_bpc=3.1585 val_loss=2.2733 val_acc=0.3652 val_ppl=9.7117 val_bpc=3.2797
step=600 train_loss=2.2133 train_acc=0.3750 train_ppl=9.1460 train_bpc=3.1931 val_loss=2.2512 val_acc=0.3676 val_ppl=9.4987 val_bpc=3.2477
step=650 train_loss=2.3342 train_acc=0.3516 train_ppl=10.3217 train_bpc=3.3676 val_loss=2.2465 val_acc=0.3778 val_ppl=9.4545 val_bpc=3.2410
step=700 train_loss=2.3641 train_acc=0.3633 train_ppl=10.6342 train_bpc=3.4106 val_loss=2.2388 val_acc=0.3663 val_ppl=9.3819 val_bpc=3.2299
step=750 train_loss=2.3098 train_acc=0.3535 train_ppl=10.0721 train_bpc=3.3323 val_loss=2.1960 val_acc=0.3835 val_ppl=8.9890 val_bpc=3.1682
step=800 train_loss=2.1259 train_acc=0.4199 train_ppl=8.3808 train_bpc=3.0671 val_loss=2.1947 val_acc=0.3790 val_ppl=8.9769 val_bpc=3.1662
step=850 train_loss=2.1218 train_acc=0.3770 train_ppl=8.3462 train_bpc=3.0611 val_loss=2.1899 val_acc=0.3802 val_ppl=8.9340 val_bpc=3.1593
step=900 train_loss=2.2513 train_acc=0.3691 train_ppl=9.4997 train_bpc=3.2479 val_loss=2.1613 val_acc=0.3894 val_ppl=8.6821 val_bpc=3.1180
step=950 train_loss=2.0712 train_acc=0.4102 train_ppl=7.9340 train_bpc=2.9880 val_loss=2.1526 val_acc=0.3931 val_ppl=8.6072 val_bpc=3.1055
step=1000 train_loss=2.0807 train_acc=0.3965 train_ppl=8.0102 train_bpc=3.0018 val_loss=2.1481 val_acc=0.3918 val_ppl=8.5685 val_bpc=3.0990
training finished (device=cpu, corpus=plato_jowett, vocab=96, train_tokens=90000, val_tokens=10000, state_shape=(3, 3, 4))
final train(step=1000) loss=2.0807 acc=0.3965 ppl=8.0102 bpc=3.0018 last eval(step=1000) val_loss=2.1481 val_acc=0.3918 val_ppl=8.5685 val_bpc=3.0990
saved checkpoint: /Users/peterwei/Desktop/wokspace/reciprocator/runs/phase3_2e/phase3_2e_run_threshold10_residual_seed0/checkpoint_step_001000.pt
wrote residual diagnostics: /Users/peterwei/Desktop/wokspace/reciprocator/runs/phase3_2e/phase3_2e_run_threshold10_residual_seed0/residual_diagnostics.json
