wrote run config: /Users/peterwei/Desktop/wokspace/reciprocator/runs/lab-book/phase3_2f/phase3_2f_run_threshold10_mean_seed1/config.json
step=1 train_loss=4.7028 train_acc=0.0000 train_ppl=110.2606 train_bpc=6.7848 val_loss=4.4828 val_acc=0.0002 val_ppl=88.4781 val_bpc=6.4672
step=50 train_loss=3.1858 train_acc=0.1660 train_ppl=24.1861 train_bpc=4.5961 val_loss=3.2124 val_acc=0.1609 val_ppl=24.8388 val_bpc=4.6345
step=100 train_loss=2.7819 train_acc=0.2500 train_ppl=16.1498 train_bpc=4.0134 val_loss=2.8722 val_acc=0.2543 val_ppl=17.6752 val_bpc=4.1437
step=150 train_loss=2.6603 train_acc=0.2910 train_ppl=14.3000 train_bpc=3.8379 val_loss=2.6199 val_acc=0.3127 val_ppl=13.7349 val_bpc=3.7798
step=200 train_loss=2.5987 train_acc=0.3145 train_ppl=13.4464 train_bpc=3.7491 val_loss=2.5467 val_acc=0.3143 val_ppl=12.7643 val_bpc=3.6740
step=250 train_loss=2.5117 train_acc=0.3242 train_ppl=12.3257 train_bpc=3.6236 val_loss=2.4694 val_acc=0.3264 val_ppl=11.8148 val_bpc=3.5625
step=300 train_loss=2.3867 train_acc=0.3203 train_ppl=10.8774 train_bpc=3.4433 val_loss=2.4500 val_acc=0.3328 val_ppl=11.5879 val_bpc=3.5345
state_shape_event step=350 previous_state_shape=(2, 3, 4) state_shape=(3, 3, 4)
step=350 train_loss=2.3183 train_acc=0.3438 train_ppl=10.1589 train_bpc=3.3447 val_loss=2.4022 val_acc=0.3314 val_ppl=11.0472 val_bpc=3.4656
step=400 train_loss=2.2075 train_acc=0.4062 train_ppl=9.0932 train_bpc=3.1848 val_loss=2.3287 val_acc=0.3511 val_ppl=10.2651 val_bpc=3.3597
step=450 train_loss=2.2289 train_acc=0.4004 train_ppl=9.2898 train_bpc=3.2156 val_loss=2.3130 val_acc=0.3528 val_ppl=10.1042 val_bpc=3.3369
step=500 train_loss=2.3225 train_acc=0.3574 train_ppl=10.2006 train_bpc=3.3506 val_loss=2.3213 val_acc=0.3497 val_ppl=10.1894 val_bpc=3.3490
step=550 train_loss=2.3051 train_acc=0.3516 train_ppl=10.0250 train_bpc=3.3255 val_loss=2.2528 val_acc=0.3691 val_ppl=9.5142 val_bpc=3.2501
step=600 train_loss=2.1831 train_acc=0.3633 train_ppl=8.8741 train_bpc=3.1496 val_loss=2.2439 val_acc=0.3611 val_ppl=9.4301 val_bpc=3.2373
step=650 train_loss=2.1474 train_acc=0.4121 train_ppl=8.5624 train_bpc=3.0980 val_loss=2.2176 val_acc=0.3732 val_ppl=9.1854 val_bpc=3.1993
step=700 train_loss=2.2095 train_acc=0.3711 train_ppl=9.1110 train_bpc=3.1876 val_loss=2.2284 val_acc=0.3751 val_ppl=9.2853 val_bpc=3.2149
step=750 train_loss=2.2107 train_acc=0.3984 train_ppl=9.1225 train_bpc=3.1894 val_loss=2.2185 val_acc=0.3766 val_ppl=9.1936 val_bpc=3.2006
step=800 train_loss=2.4708 train_acc=0.3691 train_ppl=11.8324 train_bpc=3.5647 val_loss=2.1875 val_acc=0.3813 val_ppl=8.9131 val_bpc=3.1559
step=850 train_loss=2.1110 train_acc=0.3789 train_ppl=8.2568 train_bpc=3.0456 val_loss=2.1667 val_acc=0.3885 val_ppl=8.7296 val_bpc=3.1259
step=900 train_loss=2.0709 train_acc=0.3867 train_ppl=7.9318 train_bpc=2.9876 val_loss=2.1706 val_acc=0.3839 val_ppl=8.7633 val_bpc=3.1315
step=950 train_loss=2.0342 train_acc=0.4277 train_ppl=7.6460 train_bpc=2.9347 val_loss=2.1559 val_acc=0.3901 val_ppl=8.6354 val_bpc=3.1103
step=1000 train_loss=2.0612 train_acc=0.4102 train_ppl=7.8552 train_bpc=2.9736 val_loss=2.1193 val_acc=0.3961 val_ppl=8.3249 val_bpc=3.0574
training finished (device=cpu, corpus=plato_jowett, vocab=96, train_tokens=90000, val_tokens=10000, state_shape=(3, 3, 4))
final train(step=1000) loss=2.0612 acc=0.4102 ppl=7.8552 bpc=2.9736 last eval(step=1000) val_loss=2.1193 val_acc=0.3961 val_ppl=8.3249 val_bpc=3.0574
saved checkpoint: /Users/peterwei/Desktop/wokspace/reciprocator/runs/lab-book/phase3_2f/phase3_2f_run_threshold10_mean_seed1/checkpoint_step_001000.pt
wrote residual diagnostics: /Users/peterwei/Desktop/wokspace/reciprocator/runs/lab-book/phase3_2f/phase3_2f_run_threshold10_mean_seed1/residual_diagnostics.json
