wrote run config: /Users/peterwei/Desktop/wokspace/reciprocator/runs/lab-book/phase3_2f/phase3_2f_run_threshold10_mean_seed0/config.json
step=1 train_loss=4.6023 train_acc=0.0352 train_ppl=99.7091 train_bpc=6.6397 val_loss=4.3659 val_acc=0.0387 val_ppl=78.7224 val_bpc=6.2987
step=50 train_loss=3.1517 train_acc=0.1523 train_ppl=23.3762 train_bpc=4.5470 val_loss=3.1644 val_acc=0.1600 val_ppl=23.6746 val_bpc=4.5653
step=100 train_loss=2.7853 train_acc=0.3086 train_ppl=16.2051 train_bpc=4.0184 val_loss=2.8206 val_acc=0.2635 val_ppl=16.7861 val_bpc=4.0692
step=150 train_loss=2.6586 train_acc=0.2852 train_ppl=14.2757 train_bpc=3.8355 val_loss=2.6219 val_acc=0.2961 val_ppl=13.7619 val_bpc=3.7826
step=200 train_loss=2.5812 train_acc=0.3086 train_ppl=13.2132 train_bpc=3.7239 val_loss=2.5166 val_acc=0.3278 val_ppl=12.3860 val_bpc=3.6306
step=250 train_loss=2.4020 train_acc=0.3359 train_ppl=11.0448 train_bpc=3.4653 val_loss=2.4393 val_acc=0.3314 val_ppl=11.4645 val_bpc=3.5191
step=300 train_loss=2.3988 train_acc=0.3516 train_ppl=11.0095 train_bpc=3.4607 val_loss=2.4290 val_acc=0.3293 val_ppl=11.3476 val_bpc=3.5043
state_shape_event step=350 previous_state_shape=(2, 3, 4) state_shape=(3, 3, 4)
step=350 train_loss=2.4218 train_acc=0.3301 train_ppl=11.2661 train_bpc=3.4939 val_loss=2.4022 val_acc=0.3289 val_ppl=11.0476 val_bpc=3.4657
step=400 train_loss=2.2955 train_acc=0.3438 train_ppl=9.9293 train_bpc=3.3117 val_loss=2.3385 val_acc=0.3556 val_ppl=10.3652 val_bpc=3.3737
step=450 train_loss=2.3544 train_acc=0.3594 train_ppl=10.5323 train_bpc=3.3967 val_loss=2.3073 val_acc=0.3531 val_ppl=10.0468 val_bpc=3.3287
step=500 train_loss=2.2644 train_acc=0.3262 train_ppl=9.6250 train_bpc=3.2668 val_loss=2.2668 val_acc=0.3615 val_ppl=9.6482 val_bpc=3.2703
step=550 train_loss=2.1602 train_acc=0.3789 train_ppl=8.6730 train_bpc=3.1165 val_loss=2.2561 val_acc=0.3672 val_ppl=9.5462 val_bpc=3.2549
step=600 train_loss=2.1847 train_acc=0.3945 train_ppl=8.8880 train_bpc=3.1519 val_loss=2.2289 val_acc=0.3755 val_ppl=9.2896 val_bpc=3.2156
step=650 train_loss=2.3020 train_acc=0.3574 train_ppl=9.9946 train_bpc=3.3212 val_loss=2.2257 val_acc=0.3809 val_ppl=9.2601 val_bpc=3.2110
step=700 train_loss=2.3458 train_acc=0.3613 train_ppl=10.4420 train_bpc=3.3843 val_loss=2.2214 val_acc=0.3699 val_ppl=9.2206 val_bpc=3.2049
step=750 train_loss=2.2817 train_acc=0.3633 train_ppl=9.7932 train_bpc=3.2918 val_loss=2.1765 val_acc=0.3877 val_ppl=8.8152 val_bpc=3.1400
step=800 train_loss=2.0923 train_acc=0.4258 train_ppl=8.1039 train_bpc=3.0186 val_loss=2.1769 val_acc=0.3862 val_ppl=8.8189 val_bpc=3.1406
step=850 train_loss=2.1143 train_acc=0.3965 train_ppl=8.2840 train_bpc=3.0503 val_loss=2.1725 val_acc=0.3871 val_ppl=8.7805 val_bpc=3.1343
step=900 train_loss=2.2066 train_acc=0.3926 train_ppl=9.0848 train_bpc=3.1835 val_loss=2.1362 val_acc=0.3973 val_ppl=8.4668 val_bpc=3.0818
step=950 train_loss=2.0692 train_acc=0.4062 train_ppl=7.9187 train_bpc=2.9853 val_loss=2.1330 val_acc=0.3956 val_ppl=8.4399 val_bpc=3.0772
step=1000 train_loss=2.0347 train_acc=0.4180 train_ppl=7.6502 train_bpc=2.9355 val_loss=2.1250 val_acc=0.3994 val_ppl=8.3731 val_bpc=3.0658
training finished (device=cpu, corpus=plato_jowett, vocab=96, train_tokens=90000, val_tokens=10000, state_shape=(3, 3, 4))
final train(step=1000) loss=2.0347 acc=0.4180 ppl=7.6502 bpc=2.9355 last eval(step=1000) val_loss=2.1250 val_acc=0.3994 val_ppl=8.3731 val_bpc=3.0658
saved checkpoint: /Users/peterwei/Desktop/wokspace/reciprocator/runs/lab-book/phase3_2f/phase3_2f_run_threshold10_mean_seed0/checkpoint_step_001000.pt
wrote residual diagnostics: /Users/peterwei/Desktop/wokspace/reciprocator/runs/lab-book/phase3_2f/phase3_2f_run_threshold10_mean_seed0/residual_diagnostics.json
